<?xml version="1.0" encoding="UTF-8"?>
<testsuite name="com.epam.ld.module2.testing.template.TemplateEngineTest" tests="1" skipped="0" failures="0" errors="0" timestamp="2022-10-09T14:14:28" hostname="EPUZTASW0259" time="0.035">
  <properties/>
  <testcase name="shouldGenerateMessage()" classname="com.epam.ld.module2.testing.template.TemplateEngineTest" time="0.035"/>
  <system-out><![CDATA[]]></system-out>
  <system-err><![CDATA[]]></system-err>
</testsuite>
